INFO    : PreTeXt project found in `/Users/aaronalberg/repos/hausa-ebook`.
WARNING : Assets like latex-images will not be regenerated for this build
WARNING : (previously generated assets will be used if they exist).
WARNING : To generate these assets before building, run `pretext build -g`.
INFO    : Preparing to build into /Users/aaronalberg/repos/hausa-ebook/output/web.
INFO    : 
Now building HTML into /Users/aaronalberg/repos/hausa-ebook/output/web

INFO    : discovering source file's directory name: /Users/aaronalberg/repos/hausa-ebook/source
INFO    : verifying and expanding input directory: /Users/aaronalberg/repos/hausa-ebook/source/../generated-assets
INFO    : input directory expanded to absolute path: /Users/aaronalberg/repos/hausa-ebook/generated-assets
INFO    : verifying and expanding input directory: /Users/aaronalberg/repos/hausa-ebook/source/../assets
INFO    : input directory expanded to absolute path: /Users/aaronalberg/repos/hausa-ebook/assets
INFO    : Runestone Services (via PreTeXt repository): version 6.3.16
INFO    : Runestone Services (using newer, via online CDN query): version 6.3.24
INFO    : converting /Users/aaronalberg/repos/hausa-ebook/source/main.ptx to HTML in /var/folders/c6/wgwgwtw94lx0qg2zsm8t3_f00000gn/T/tmprljmqgdu
INFO    : XSL conversion of /Users/aaronalberg/repos/hausa-ebook/source/main.ptx by /Users/aaronalberg/.ptx/xsl/pretext-html.xsl
INFO    : comprehensive messages, warnings, and errors:
INFO    :     * PTX:ERROR: the @xml:id value "ch_first" should be unique, but is authored 2 times.
INFO    :     *            Results will be unpredictable, and likely incorrect.  Information on the locations follows:
INFO    :     *              located within: "ch_first" (xml:id), "Babi na farko" (title)
INFO    :     *              located within: "ch_first" (xml:id), "Chapter 6" (title)
INFO    :     * PTX:ERROR: the @xml:id value "sec_first-intro" should be unique, but is authored 2 times.
INFO    :     *            Results will be unpredictable, and likely incorrect.  Information on the locations follows:
INFO    :     *              located within: "sec_first-intro" (xml:id), "Introduction to First Chapter" (title)
INFO    :     *              located within: "sec_first-intro" (xml:id), "Introduction to First Chapter" (title)
INFO    :     * PTX:ERROR: the @xml:id value "subsec_a-subsection" should be unique, but is authored 2 times.
INFO    :     *            Results will be unpredictable, and likely incorrect.  Information on the locations follows:
INFO    :     *              located within: "subsec_a-subsection" (xml:id), "A subsection" (title)
INFO    :     *              located within: "subsec_a-subsection" (xml:id), "A subsection" (title)
INFO    :     * PTX:ERROR: the @xml:id value "subsec_another-subsection" should be unique, but is authored 2 times.
INFO    :     *            Results will be unpredictable, and likely incorrect.  Information on the locations follows:
INFO    :     *              located within: "subsec_another-subsection" (xml:id), "Another Subsection" (title)
INFO    :     *              located within: "subsec_another-subsection" (xml:id), "Another Subsection" (title)
INFO    :     * PTX:ERROR: the @xml:id value "sec_first-examples" should be unique, but is authored 2 times.
INFO    :     *            Results will be unpredictable, and likely incorrect.  Information on the locations follows:
INFO    :     *              located within: "sec_first-examples" (xml:id), "Examples" (title)
INFO    :     *              located within: "sec_first-examples" (xml:id), "Examples" (title)
INFO    :     * PTX:ERROR: the @xml:id value "thm_first-examples-theorem" should be unique, but is authored 2 times.
INFO    :     *            Results will be unpredictable, and likely incorrect.  Information on the locations follows:
INFO    :     *              located within: "thm_first-examples-theorem" (xml:id), "Theorem Title" (title)
INFO    :     *              located within: "thm_first-examples-theorem" (xml:id), "Theorem Title" (title)
INFO    :     * PTX:ERROR: the @xml:id value "cor_first-examples-corollary" should be unique, but is authored 2 times.
INFO    :     *            Results will be unpredictable, and likely incorrect.  Information on the locations follows:
INFO    :     *              located within: "cor_first-examples-corollary" (xml:id)
INFO    :     *              located within: "cor_first-examples-corollary" (xml:id)
INFO    :     * PTX:ERROR: the @xml:id value "remark_first-examples-context" should be unique, but is authored 2 times.
INFO    :     *            Results will be unpredictable, and likely incorrect.  Information on the locations follows:
INFO    :     *              located within: "remark_first-examples-context" (xml:id), "Larger Context" (title)
INFO    :     *              located within: "remark_first-examples-context" (xml:id), "Larger Context" (title)
INFO    :     * PTX:ERROR: the @xml:id value "ex_first" should be unique, but is authored 2 times.
INFO    :     *            Results will be unpredictable, and likely incorrect.  Information on the locations follows:
INFO    :     *              located within: "ex_first" (xml:id), "My Exercises" (title)
INFO    :     *              located within: "ex_first" (xml:id), "My Exercises" (title)
INFO    :     * PTX:ERROR: the @label value "ch_first" should be unique, but is authored 2 times.
INFO    :     *            Results will be unpredictable, and likely incorrect.  Information on the locations follows:
INFO    :     *              located within: "ch_first" (xml:id), "Babi na farko" (title)
INFO    :     *              located within: "ch_first" (xml:id), "Chapter 6" (title)
INFO    :     * PTX:ERROR: the @label value "sec_first-intro" should be unique, but is authored 2 times.
INFO    :     *            Results will be unpredictable, and likely incorrect.  Information on the locations follows:
INFO    :     *              located within: "sec_first-intro" (xml:id), "Introduction to First Chapter" (title)
INFO    :     *              located within: "sec_first-intro" (xml:id), "Introduction to First Chapter" (title)
INFO    :     * PTX:ERROR: the @label value "subsec_a-subsection" should be unique, but is authored 2 times.
INFO    :     *            Results will be unpredictable, and likely incorrect.  Information on the locations follows:
INFO    :     *              located within: "subsec_a-subsection" (xml:id), "A subsection" (title)
INFO    :     *              located within: "subsec_a-subsection" (xml:id), "A subsection" (title)
INFO    :     * PTX:ERROR: the @label value "subsec_another-subsection" should be unique, but is authored 2 times.
INFO    :     *            Results will be unpredictable, and likely incorrect.  Information on the locations follows:
INFO    :     *              located within: "subsec_another-subsection" (xml:id), "Another Subsection" (title)
INFO    :     *              located within: "subsec_another-subsection" (xml:id), "Another Subsection" (title)
INFO    :     * PTX:ERROR: the @label value "sec_first-examples" should be unique, but is authored 2 times.
INFO    :     *            Results will be unpredictable, and likely incorrect.  Information on the locations follows:
INFO    :     *              located within: "sec_first-examples" (xml:id), "Examples" (title)
INFO    :     *              located within: "sec_first-examples" (xml:id), "Examples" (title)
INFO    :     * PTX:ERROR: the @label value "thm_first-examples-theorem" should be unique, but is authored 2 times.
INFO    :     *            Results will be unpredictable, and likely incorrect.  Information on the locations follows:
INFO    :     *              located within: "thm_first-examples-theorem" (xml:id), "Theorem Title" (title)
INFO    :     *              located within: "thm_first-examples-theorem" (xml:id), "Theorem Title" (title)
INFO    :     * PTX:ERROR: the @label value "cor_first-examples-corollary" should be unique, but is authored 2 times.
INFO    :     *            Results will be unpredictable, and likely incorrect.  Information on the locations follows:
INFO    :     *              located within: "cor_first-examples-corollary" (xml:id)
INFO    :     *              located within: "cor_first-examples-corollary" (xml:id)
INFO    :     * PTX:ERROR: the @label value "remark_first-examples-context" should be unique, but is authored 2 times.
INFO    :     *            Results will be unpredictable, and likely incorrect.  Information on the locations follows:
INFO    :     *              located within: "remark_first-examples-context" (xml:id), "Larger Context" (title)
INFO    :     *              located within: "remark_first-examples-context" (xml:id), "Larger Context" (title)
INFO    :     * PTX:ERROR: the @label value "ex_first" should be unique, but is authored 2 times.
INFO    :     *            Results will be unpredictable, and likely incorrect.  Information on the locations follows:
INFO    :     *              located within: "ex_first" (xml:id), "My Exercises" (title)
INFO    :     *              located within: "ex_first" (xml:id), "My Exercises" (title)
INFO    : successful application of /Users/aaronalberg/.ptx/xsl/pretext-html.xsl
INFO    : 
Success! Run `pretext view web` to see the results.

